相信 : http://file.qianqian.com//data2/music/42054027/42054027.mp3?xcode=cf286ad9e76e5b09ae2436f1a69c9eda329fce82e2b7c813&src="http%3A%2F%2Fpan.baidu.com%2Fshare%2Flink%3Fshareid%3D1254485513%26uk%3D2924272195"
五月之恋序曲 : http://file.qianqian.com//data2/music/51732908/51732908.mp3?xcode=cf286ad9e76e5b09a145bcf523f7c822bf90d0aa00e80c2a&src="http%3A%2F%2Fpan.baidu.com%2Fshare%2Flink%3Fshareid%3D261922180%26uk%3D1028409922"
intro : http://file.qianqian.com//data2/music/42448380/42448380.mp3?xcode=cf286ad9e76e5b094c06db866baee58deb137cc448043e6c&src="http%3A%2F%2Fpan.baidu.com%2Fshare%2Flink%3Fshareid%3D1000396676%26uk%3D1565275458"
阿姆斯壮 : http://file.qianqian.com//data2/music/42721002/42721002.mp3?xcode=cf286ad9e76e5b0945a4471eb2cdf6dd7ac764348aaeba1b&src="http%3A%2F%2Fwww.kuaipan.cn%2Ffile%2Fid_185170046018912259.htm"
武装以后(演奏曲) : http://file.qianqian.com//data2/music/137405385/137405385.mp3?xcode=cf286ad9e76e5b09607d231585593e33906ad9bc71d9caf7&src="http%3A%2F%2Fpan.baidu.com%2Fshare%2Flink%3Fshareid%3D1439403467%26uk%3D3393989443"
圣诞夜惊魂 : http://file.qianqian.com//data2/music/42058687/42058687.mp3?xcode=cf286ad9e76e5b09ae2436f1a69c9edaf21e744505e31323&src="http%3A%2F%2Fpan.baidu.com%2Fshare%2Flink%3Fshareid%3D1255780985%26uk%3D3444349763"
借问众神明 : http://file.qianqian.com//data2/music/42055190/42055190.mp3?xcode=cf286ad9e76e5b09ae2436f1a69c9edafb4747217df66145&src="http%3A%2F%2Fpan.baidu.com%2Fshare%2Flink%3Fshareid%3D1254582258%26uk%3D3343658563"
笑忘歌 : http://file.qianqian.com//data2/music/120221066/120221066.mp3?xcode=cf286ad9e76e5b0951b14f01d8c4e634b837c928397c3562&src="http%3A%2F%2Fpan.baidu.com%2Fshare%2Flink%3Fshareid%3D1433589226%26uk%3D2337020227"
知足 : http://file.qianqian.com//data2/music/111852951/111852951.mp3?xcode=cf286ad9e76e5b092f952b9f5f85180558c59bddea25269d&src="http%3A%2F%2Fpan.baidu.com%2Fshare%2Flink%3Fshareid%3D226228101%26uk%3D625766978"
宠上天 : http://file.qianqian.com//data2/music/42916768/42916768.mp3?xcode=cf286ad9e76e5b09dc75747439dc71baabb25a47547e1658&src="http%3A%2F%2Fwww.kuaipan.cn%2Ffile%2Fid_185170046018912275.htm"
让我照顾你 : http://file.qianqian.com//data2/music/43093739/43093739.mp3?xcode=cf286ad9e76e5b09e6eabd648a9dbacc8547f2e3508771b3&src="http%3A%2F%2Fpan.baidu.com%2Fshare%2Flink%3Fshareid%3D1030181196%26uk%3D1565275458"
洋葱 : http://file.qianqian.com//data2/music/118149750/118149750.mp3?xcode=cf286ad9e76e5b091db1e6c4e15be730894f707bb33880a2&src="http%3A%2F%2Fpan.baidu.com%2Fshare%2Flink%3Fshareid%3D1431981634%26uk%3D625766978"
爱情万岁 : http://file.qianqian.com//data2/music/41907118/41907118.mp3?xcode=cf286ad9e76e5b0968391d3f73937f39966ab8e52ec9db30&src="http%3A%2F%2Fpan.baidu.com%2Fshare%2Flink%3Fshareid%3D827702541%26uk%3D4283194947"
d.n.a : http://file.qianqian.com//data2/music/115387124/115387124.mp3?xcode=cf286ad9e76e5b09b908a0078cbf0687cef75faa3e3dad5f&src="http%3A%2F%2Fpan.baidu.com%2Fshare%2Flink%3Fshareid%3D1429352879%26uk%3D3343658563"
摇滚舞台 : http://file.qianqian.com//data2/music/41560092/41560092.mp3?xcode=cf286ad9e76e5b0945cc6a2bd0027fd6470fcd2868e7e393&src="http%3A%2F%2Fpan.baidu.com%2Fshare%2Flink%3Fshareid%3D4250263548%26uk%3D625766978"
你是唯一 : http://file.qianqian.com//data2/music/116582453/116582453.mp3?xcode=cf286ad9e76e5b09f491eb033cdc7ec9dc3c65e4d22cd554&src="http%3A%2F%2Fpan.baidu.com%2Fshare%2Flink%3Fshareid%3D615770895%26uk%3D659765844"
intro : http://file.qianqian.com//data2/music/25528998/25528998.mp3?xcode=cf286ad9e76e5b09fe5c604e75dd0f074be7bf562a506b3c&src="http%3A%2F%2Fpan.baidu.com%2Fshare%2Flink%3Fshareid%3D655990%26uk%3D2402655251"
突然好想你 - 钢琴曲 的 歌迷 : http://file.qianqian.com//data2/music/123082105/123082105.mp3?xcode=cf286ad9e76e5b093372ac7ea335242e8d218edb6f53b735&src="http%3A%2F%2Fpan.baidu.com%2Fshare%2Flink%3Fshareid%3D3895920457%26uk%3D1028409922"
talking + 憨人 : http://file.qianqian.com//data2/music/70243141/70243141.mp3?xcode=cf286ad9e76e5b099e999509fe6c328cce6dd9d3156e60c7&src="http%3A%2F%2Fpan.baidu.com%2Fshare%2Flink%3Fshareid%3D2072406462%26uk%3D2337020227"
talking2 : http://file.qianqian.com//data2/music/107786908/107786908.mp3?xcode=cf286ad9e76e5b09585795646e6f73f171b923a623f1cec8&src="http%3A%2F%2Fpan.baidu.com%2Fshare%2Flink%3Fshareid%3D1520904559%26uk%3D2337020227"
最重要的小事 (live)(live版) : http://file.qianqian.com//data2/music/50544253/50544253.mp3?xcode=cf286ad9e76e5b09392b2a8ea4a300d9365e0ba64ac93bf4&src="http%3A%2F%2Fpan.baidu.com%2Fshare%2Flink%3Fshareid%3D261783128%26uk%3D3343658563"
enrich your life 让我照顾你(live版) : http://file.qianqian.com//data2/music/41979410/41979410.mp3?xcode=cf286ad9e76e5b09f9be6fd839c2dc6aa7f1e99aab99108b&src="http%3A%2F%2Fpan.baidu.com%2Fshare%2Flink%3Fshareid%3D1088414496%26uk%3D3393989443"
叫我第一名 : http://file.qianqian.com//data2/music/42107556/42107556.mp3?xcode=cf286ad9e76e5b09192806142d1ad3d22d2c5a9b6f61c5d1&src="http%3A%2F%2Fpan.baidu.com%2Fshare%2Flink%3Fshareid%3D849209638%26uk%3D4283194947"
talking : http://file.qianqian.com//data2/music/42049320/42049320.mp3?xcode=cf286ad9e76e5b095fae52d1e00221c75dfd2ff47a95c7ad&src="http%3A%2F%2Fpan.baidu.com%2Fshare%2Flink%3Fshareid%3D1258812494%26uk%3D2924272195"
我不愿让你一个人 : http://file.qianqian.com//data2/music/106194222/106194222.mp3?xcode=cf286ad9e76e5b09ddbc7d5cc1fbe6493251b8c97216560d&src="http%3A%2F%2Fpan.baidu.com%2Fshare%2Flink%3Fshareid%3D1515442505%26uk%3D3744631181"
雌雄同体 : http://file.qianqian.com//data2/music/42048721/42048721.mp3?xcode=cf286ad9e76e5b095fae52d1e00221c7426d403e51166f7e&src="http%3A%2F%2Fpan.baidu.com%2Fshare%2Flink%3Fshareid%3D1258471158%26uk%3D3343658563"
垃圾车 朋友版 : http://file.qianqian.com//data2/music/56286787/56286787.mp3?xcode=cf286ad9e76e5b09236c6d6ef095f02d71c4dc9943bc6865&src="http%3A%2F%2Fdl.vmall.com%2Fc0odgca771"
五月天和你一起开始第二人生 : http://file.qianqian.com//data2/music/42304155/42304155.mp3?xcode=cf286ad9e76e5b095282181893fdb8f35bc8e5096abd0e86&src="http%3A%2F%2Fwww.kuaipan.cn%2Ffile%2Fid_185516976297214002.htm"
如果还有明天 : http://file.qianqian.com//data2/music/123157414/123157414.mp3?xcode=cf286ad9e76e5b093372ac7ea335242e75abf676594ed108&src="http%3A%2F%2Fpan.baidu.com%2Fshare%2Flink%3Fshareid%3D1420272102%26uk%3D3444349763"
就在今夜 : http://file.qianqian.com//data2/music/42101990/42101990.mp3?xcode=cf286ad9e76e5b09192806142d1ad3d241324fec87d13365&src="http%3A%2F%2Fpan.baidu.com%2Fshare%2Flink%3Fshareid%3D844903101%26uk%3D1028409922"
公路电影 : http://content.12530.com/newcmsdata/batchmusic/20080708/T3Vflwtb.mp3
护士 : http://file.qianqian.com//data2/music/137405764/137405764.mp3?xcode=cf286ad9e76e5b0961dba2ca7eb07f55bebaa5d3c8235c64&src="http%3A%2F%2Fpan.baidu.com%2Fshare%2Flink%3Fshareid%3D241754271%26uk%3D1028409922"
如烟+如果还有明天 : http://file.qianqian.com//data2/music/87851451/87851451.mp3?xcode=cf286ad9e76e5b09467eb1897e9f9792bea2d967558687b4&src="http%3A%2F%2Fpan.baidu.com%2Fshare%2Flink%3Fshareid%3D3854101925%26uk%3D3444349763"
轧新车 : http://file.qianqian.com//data2/music/5973281/5973281.mp3?xcode=cf286ad9e76e5b0920b6aa291fa2bdc085001fdd1b8e78cb&src="http%3A%2F%2Fpan.baidu.com%2Fshare%2Flink%3Fshareid%3D213425994%26uk%3D3393989443"
诺亚方舟 - 完整版 : http://file.qianqian.com//data2/music/85687767/85687767.mp3?xcode=cf286ad9e76e5b096ac7cf8e1b31a76403bc0274c7709b46&src="http%3A%2F%2Fpan.baidu.com%2Fshare%2Flink%3Fshareid%3D120302353%26uk%3D959628127"
小太阳 : http://file.qianqian.com//data2/music/128428171/128428171.mp3?xcode=cf286ad9e76e5b092f4cf799a0d38d384a7460844bd869df&src="http%3A%2F%2Fwww.kuaipan.cn%2Ffile%2Fid_185364775541145624.htm"
纯真 : http://file.qianqian.com//data2/music/134378777/134378777.mp3?xcode=cf286ad9e76e5b099dfd87756e35ebe4e862f36a52249aec&src="http%3A%2F%2Fpan.baidu.com%2Fshare%2Flink%3Fshareid%3D873101013%26uk%3D3343658563"
tears for fears : http://file.qianqian.com//data2/music/41614801/41614801.mp3?xcode=cf286ad9e76e5b094bd6cd946bad92a0f868810eb1a1f9bb&src="http%3A%2F%2Fpan.baidu.com%2Fshare%2Flink%3Fshareid%3D1078768705%26uk%3D1028409922"
明白 : http://file.qianqian.com//data2/music/42108243/42108243.mp3?xcode=cf286ad9e76e5b09dec7761e30cc0cb31986f868335f0bc2&src="http%3A%2F%2Fpan.baidu.com%2Fshare%2Flink%3Fshareid%3D851423297%26uk%3D4232889411"
啾啾啾 : http://file.qianqian.com//data2/music/42937734/42937734.mp3?xcode=cf286ad9e76e5b09a052018ff5cfcec48c25f9c867bb196e&src="http%3A%2F%2Fpan.baidu.com%2Fshare%2Flink%3Fshareid%3D847685306%26uk%3D3393989443"
轻功(慢摇滚演奏版) : http://file.qianqian.com//data2/music/42055480/42055480.mp3?xcode=cf286ad9e76e5b0972d475aa606a98f52cb20df0d01cceb0&src="http%3A%2F%2Fpan.baidu.com%2Fshare%2Flink%3Fshareid%3D1248013314%26uk%3D2924272195"
